<?xml version="1.0" encoding="UTF-8"?>
<testsuite name="Tests" tests="1" skipped="0" failures="0" errors="0" timestamp="2022-03-11T23:54:56" hostname="prabin-ThinkPad-E470" time="4.177">
  <properties/>
  <testcase name="start" classname="Tests" time="4.177"/>
  <system-out><![CDATA[?[1;31m
Start test 1?[0m

  .   ____          _            __ _ _
 /\\ / ___'_ __ _ _(_)_ __  __ _ \ \ \ \
( ( )\___ | '_ | '_| | '_ \/ _` | \ \ \ \
 \\/  ___)| |_)| | | | | || (_| |  ) ) ) )
  '  |____| .__|_| |_|_| |_\__, | / / / /
 =========|_|==============|___/=/_/_/_/
 :: Spring Boot ::                (v2.5.6)

2022-03-12 00:54:57.425  INFO 28428 --- [    Test worker] task.Main                                : Starting Main using Java 17.0.2 on prabin-ThinkPad-E470 with PID 28428 (started by prabin in /home/prabin/IdeaProjects/Cinema Room REST Service/Topics/Getting data from REST/Retrieving specific task)
2022-03-12 00:54:57.429  INFO 28428 --- [    Test worker] task.Main                                : No active profile set, falling back to default profiles: default
2022-03-12 00:54:58.982  INFO 28428 --- [    Test worker] o.s.b.w.embedded.tomcat.TomcatWebServer  : Tomcat initialized with port(s): 28852 (http)
2022-03-12 00:54:58.998  INFO 28428 --- [    Test worker] o.apache.catalina.core.StandardService   : Starting service [Tomcat]
2022-03-12 00:54:58.998  INFO 28428 --- [    Test worker] org.apache.catalina.core.StandardEngine  : Starting Servlet engine: [Apache Tomcat/9.0.54]
2022-03-12 00:54:59.071  INFO 28428 --- [    Test worker] o.a.c.c.C.[Tomcat].[localhost].[/]       : Initializing Spring embedded WebApplicationContext
2022-03-12 00:54:59.071  INFO 28428 --- [    Test worker] w.s.c.ServletWebServerApplicationContext : Root WebApplicationContext: initialization completed in 1575 ms
2022-03-12 00:55:00.427  INFO 28428 --- [    Test worker] o.s.b.a.e.web.EndpointLinksResolver      : Exposing 14 endpoint(s) beneath base path '/actuator'
2022-03-12 00:55:00.459  INFO 28428 --- [    Test worker] o.s.b.w.embedded.tomcat.TomcatWebServer  : Tomcat started on port(s): 28852 (http) with context path ''
2022-03-12 00:55:00.471  INFO 28428 --- [    Test worker] task.Main                                : Started Main in 3.427 seconds (JVM running for 4.018)
2022-03-12 00:55:00.839  INFO 28428 --- [io-28852-exec-1] o.a.c.c.C.[Tomcat].[localhost].[/]       : Initializing Spring DispatcherServlet 'dispatcherServlet'
2022-03-12 00:55:00.840  INFO 28428 --- [io-28852-exec-1] o.s.web.servlet.DispatcherServlet        : Initializing Servlet 'dispatcherServlet'
2022-03-12 00:55:00.841  INFO 28428 --- [io-28852-exec-1] o.s.web.servlet.DispatcherServlet        : Completed initialization in 1 ms
?[1;31m
Start test 2?[0m
?[1;31m
Start test 3?[0m
?[1;31m
Start test 4?[0m
?[1;31m
Start test 5?[0m
]]></system-out>
  <system-err><![CDATA[]]></system-err>
</testsuite>
